{"timestamp":"2025-10-16T14:56:43+05:00","level":"INFO","message":"Ride Hail System starting up","hostname":"ALEM-F4-R01-08A","request_id":"startup-001","action":"ride_hail_system_started"}
{"timestamp":"2025-10-16T14:56:43+05:00","level":"ERROR","message":"Failed to start ride hail system","hostname":"ALEM-F4-R01-08A","request_id":"startup-001","action":"ride_hail_system_failed","error":{"message":"ErrUnknownService","stack":[{"func":"runtime.goexit","source":"runtime/asm_amd64.s","line":1700}]}}
{"timestamp":"2025-10-16T14:56:57+05:00","level":"INFO","message":"Ride Hail System starting up","hostname":"ALEM-F4-R01-08A","request_id":"startup-002","action":"ride_hail_system_started"}
{"timestamp":"2025-10-16T14:56:57+05:00","level":"INFO","message":"Admin Service starting up","hostname":"ALEM-F4-R01-08A","request_id":"startup-002","service":"admin-service","action":"admin_service_started"}
{"timestamp":"2025-10-16T14:56:57+05:00","level":"INFO","message":"Successful database connection","hostname":"ALEM-F4-R01-08A","request_id":"startup-002","service":"admin-service","action":"server_started","action":"db_connected"}
{"timestamp":"2025-10-16T14:56:57+05:00","level":"INFO","message":"server is running","hostname":"ALEM-F4-R01-08A","request_id":"startup-002","service":"admin-service","action":"server_started","details":{"port":"3004"}}
{"timestamp":"2025-10-16T15:07:07+05:00","level":"INFO","message":"Shutdown signal received","hostname":"ALEM-F4-R01-08A","request_id":"startup-002","service":"admin-service","action":"shutdown_signal_received"}
{"timestamp":"2025-10-16T15:07:07+05:00","level":"INFO","message":"Shutting down HTTP server...","hostname":"ALEM-F4-R01-08A","request_id":"startup-002","service":"admin-service","action":"graceful_shutdown_started"}
{"timestamp":"2025-10-16T15:07:07+05:00","level":"INFO","message":"Database closed","hostname":"ALEM-F4-R01-08A","request_id":"startup-002","service":"admin-service","action":"db_closed"}
{"timestamp":"2025-10-16T15:07:07+05:00","level":"INFO","message":"HTTP server shut down gracefully","hostname":"ALEM-F4-R01-08A","request_id":"startup-002","service":"admin-service","action":"graceful_shutdown_completed"}
{"timestamp":"2025-10-16T15:07:07+05:00","level":"INFO","message":"Admin Service shut down successfully","hostname":"ALEM-F4-R01-08A","request_id":"startup-002","service":"admin-service","action":"admin_service_completed"}
{"timestamp":"2025-10-16T15:07:11+05:00","level":"INFO","message":"Ride Hail System starting up","hostname":"ALEM-F4-R01-08A","request_id":"startup-003","action":"ride_hail_system_started"}
{"timestamp":"2025-10-16T15:07:11+05:00","level":"INFO","message":"Admin Service starting up","hostname":"ALEM-F4-R01-08A","request_id":"startup-003","service":"admin-service","action":"admin_service_started"}
{"timestamp":"2025-10-16T15:07:11+05:00","level":"INFO","message":"Successful database connection","hostname":"ALEM-F4-R01-08A","request_id":"startup-003","service":"admin-service","action":"server_started","action":"db_connected"}
{"timestamp":"2025-10-16T15:07:11+05:00","level":"INFO","message":"server is running","hostname":"ALEM-F4-R01-08A","request_id":"startup-003","service":"admin-service","action":"server_started","details":{"port":"3004"}}
{"timestamp":"2025-10-16T15:07:56+05:00","level":"INFO","message":"Shutdown signal received","hostname":"ALEM-F4-R01-08A","request_id":"startup-003","service":"admin-service","action":"shutdown_signal_received"}
{"timestamp":"2025-10-16T15:07:56+05:00","level":"INFO","message":"Shutting down HTTP server...","hostname":"ALEM-F4-R01-08A","request_id":"startup-003","service":"admin-service","action":"graceful_shutdown_started"}
{"timestamp":"2025-10-16T15:07:56+05:00","level":"INFO","message":"Database closed","hostname":"ALEM-F4-R01-08A","request_id":"startup-003","service":"admin-service","action":"db_closed"}
{"timestamp":"2025-10-16T15:07:56+05:00","level":"INFO","message":"HTTP server shut down gracefully","hostname":"ALEM-F4-R01-08A","request_id":"startup-003","service":"admin-service","action":"graceful_shutdown_completed"}
{"timestamp":"2025-10-16T15:07:56+05:00","level":"INFO","message":"Admin Service shut down successfully","hostname":"ALEM-F4-R01-08A","request_id":"startup-003","service":"admin-service","action":"admin_service_completed"}
{"timestamp":"2025-10-16T15:07:58+05:00","level":"INFO","message":"Ride Hail System starting up","hostname":"ALEM-F4-R01-08A","request_id":"startup-004","action":"ride_hail_system_started"}
{"timestamp":"2025-10-16T15:07:58+05:00","level":"INFO","message":"Admin Service starting up","hostname":"ALEM-F4-R01-08A","request_id":"startup-004","service":"admin-service","action":"admin_service_started"}
{"timestamp":"2025-10-16T15:07:58+05:00","level":"INFO","message":"Successful database connection","hostname":"ALEM-F4-R01-08A","request_id":"startup-004","service":"admin-service","action":"server_started","action":"db_connected"}
{"timestamp":"2025-10-16T15:07:58+05:00","level":"INFO","message":"server is running","hostname":"ALEM-F4-R01-08A","request_id":"startup-004","service":"admin-service","action":"server_started","details":{"port":"3004"}}
{"timestamp":"2025-10-16T15:12:39+05:00","level":"INFO","message":"Shutdown signal received","hostname":"ALEM-F4-R01-08A","request_id":"startup-004","service":"admin-service","action":"shutdown_signal_received"}
{"timestamp":"2025-10-16T15:12:39+05:00","level":"INFO","message":"Shutting down HTTP server...","hostname":"ALEM-F4-R01-08A","request_id":"startup-004","service":"admin-service","action":"graceful_shutdown_started"}
{"timestamp":"2025-10-16T15:12:39+05:00","level":"INFO","message":"Database closed","hostname":"ALEM-F4-R01-08A","request_id":"startup-004","service":"admin-service","action":"db_closed"}
{"timestamp":"2025-10-16T15:12:39+05:00","level":"INFO","message":"HTTP server shut down gracefully","hostname":"ALEM-F4-R01-08A","request_id":"startup-004","service":"admin-service","action":"graceful_shutdown_completed"}
{"timestamp":"2025-10-16T15:12:39+05:00","level":"INFO","message":"Admin Service shut down successfully","hostname":"ALEM-F4-R01-08A","request_id":"startup-004","service":"admin-service","action":"admin_service_completed"}
{"timestamp":"2025-10-16T15:12:42+05:00","level":"INFO","message":"Ride Hail System starting up","hostname":"ALEM-F4-R01-08A","request_id":"startup-005","action":"ride_hail_system_started"}
{"timestamp":"2025-10-16T15:12:42+05:00","level":"INFO","message":"Admin Service starting up","hostname":"ALEM-F4-R01-08A","request_id":"startup-005","service":"admin-service","action":"admin_service_started"}
{"timestamp":"2025-10-16T15:12:42+05:00","level":"INFO","message":"Successful database connection","hostname":"ALEM-F4-R01-08A","request_id":"startup-005","service":"admin-service","action":"server_started","action":"db_connected"}
{"timestamp":"2025-10-16T15:12:42+05:00","level":"INFO","message":"server is running","hostname":"ALEM-F4-R01-08A","request_id":"startup-005","service":"admin-service","action":"server_started","details":{"port":"3004"}}
{"timestamp":"2025-10-16T15:16:12+05:00","level":"INFO","message":"Shutdown signal received","hostname":"ALEM-F4-R01-08A","request_id":"startup-005","service":"admin-service","action":"shutdown_signal_received"}
{"timestamp":"2025-10-16T15:16:12+05:00","level":"INFO","message":"Shutting down HTTP server...","hostname":"ALEM-F4-R01-08A","request_id":"startup-005","service":"admin-service","action":"graceful_shutdown_started"}
{"timestamp":"2025-10-16T15:16:12+05:00","level":"INFO","message":"Database closed","hostname":"ALEM-F4-R01-08A","request_id":"startup-005","service":"admin-service","action":"db_closed"}
{"timestamp":"2025-10-16T15:16:12+05:00","level":"INFO","message":"HTTP server shut down gracefully","hostname":"ALEM-F4-R01-08A","request_id":"startup-005","service":"admin-service","action":"graceful_shutdown_completed"}
{"timestamp":"2025-10-16T15:16:12+05:00","level":"INFO","message":"Admin Service shut down successfully","hostname":"ALEM-F4-R01-08A","request_id":"startup-005","service":"admin-service","action":"admin_service_completed"}
{"timestamp":"2025-10-16T15:16:14+05:00","level":"INFO","message":"Ride Hail System starting up","hostname":"ALEM-F4-R01-08A","request_id":"startup-006","action":"ride_hail_system_started"}
{"timestamp":"2025-10-16T15:16:14+05:00","level":"INFO","message":"Admin Service starting up","hostname":"ALEM-F4-R01-08A","request_id":"startup-006","service":"admin-service","action":"admin_service_started"}
{"timestamp":"2025-10-16T15:16:14+05:00","level":"INFO","message":"Successful database connection","hostname":"ALEM-F4-R01-08A","request_id":"startup-006","service":"admin-service","action":"server_started","action":"db_connected"}
{"timestamp":"2025-10-16T15:16:14+05:00","level":"INFO","message":"server is running","hostname":"ALEM-F4-R01-08A","request_id":"startup-006","service":"admin-service","action":"server_started","details":{"port":"3004"}}
{"timestamp":"2025-10-16T15:32:20+05:00","level":"INFO","message":"Shutdown signal received","hostname":"ALEM-F4-R01-08A","request_id":"startup-006","service":"admin-service","action":"shutdown_signal_received"}
{"timestamp":"2025-10-16T15:32:20+05:00","level":"INFO","message":"Shutting down HTTP server...","hostname":"ALEM-F4-R01-08A","request_id":"startup-006","service":"admin-service","action":"graceful_shutdown_started"}
{"timestamp":"2025-10-16T15:32:20+05:00","level":"INFO","message":"Database closed","hostname":"ALEM-F4-R01-08A","request_id":"startup-006","service":"admin-service","action":"db_closed"}
{"timestamp":"2025-10-16T15:32:20+05:00","level":"INFO","message":"HTTP server shut down gracefully","hostname":"ALEM-F4-R01-08A","request_id":"startup-006","service":"admin-service","action":"graceful_shutdown_completed"}
{"timestamp":"2025-10-16T15:32:20+05:00","level":"INFO","message":"Admin Service shut down successfully","hostname":"ALEM-F4-R01-08A","request_id":"startup-006","service":"admin-service","action":"admin_service_completed"}
{"timestamp":"2025-10-16T15:32:22+05:00","level":"INFO","message":"Ride Hail System starting up","hostname":"ALEM-F4-R01-08A","request_id":"startup-007","action":"ride_hail_system_started"}
{"timestamp":"2025-10-16T15:32:22+05:00","level":"INFO","message":"Admin Service starting up","hostname":"ALEM-F4-R01-08A","request_id":"startup-007","service":"admin-service","action":"admin_service_started"}
{"timestamp":"2025-10-16T15:32:22+05:00","level":"INFO","message":"Successful database connection","hostname":"ALEM-F4-R01-08A","request_id":"startup-007","service":"admin-service","action":"server_started","action":"db_connected"}
{"timestamp":"2025-10-16T15:32:22+05:00","level":"INFO","message":"server is running","hostname":"ALEM-F4-R01-08A","request_id":"startup-007","service":"admin-service","action":"server_started","details":{"port":"3004"}}
{"timestamp":"2025-10-16T15:52:58+05:00","level":"INFO","message":"Shutdown signal received","hostname":"ALEM-F4-R01-08A","request_id":"startup-007","service":"admin-service","action":"shutdown_signal_received"}
{"timestamp":"2025-10-16T15:52:58+05:00","level":"INFO","message":"Shutting down HTTP server...","hostname":"ALEM-F4-R01-08A","request_id":"startup-007","service":"admin-service","action":"graceful_shutdown_started"}
{"timestamp":"2025-10-16T15:52:58+05:00","level":"INFO","message":"Database closed","hostname":"ALEM-F4-R01-08A","request_id":"startup-007","service":"admin-service","action":"db_closed"}
{"timestamp":"2025-10-16T15:52:58+05:00","level":"INFO","message":"HTTP server shut down gracefully","hostname":"ALEM-F4-R01-08A","request_id":"startup-007","service":"admin-service","action":"graceful_shutdown_completed"}
{"timestamp":"2025-10-16T15:52:58+05:00","level":"INFO","message":"Admin Service shut down successfully","hostname":"ALEM-F4-R01-08A","request_id":"startup-007","service":"admin-service","action":"admin_service_completed"}
{"timestamp":"2025-10-16T15:53:00+05:00","level":"INFO","message":"Ride Hail System starting up","hostname":"ALEM-F4-R01-08A","request_id":"startup-008","action":"ride_hail_system_started"}
{"timestamp":"2025-10-16T15:53:00+05:00","level":"INFO","message":"Admin Service starting up","hostname":"ALEM-F4-R01-08A","request_id":"startup-008","service":"admin-service","action":"admin_service_started"}
{"timestamp":"2025-10-16T15:53:00+05:00","level":"INFO","message":"Successful database connection","hostname":"ALEM-F4-R01-08A","request_id":"startup-008","service":"admin-service","action":"server_started","action":"db_connected"}
{"timestamp":"2025-10-16T15:53:00+05:00","level":"INFO","message":"server is running","hostname":"ALEM-F4-R01-08A","request_id":"startup-008","service":"admin-service","action":"server_started","details":{"port":"3004"}}
{"timestamp":"2025-10-16T15:56:22+05:00","level":"INFO","message":"Shutdown signal received","hostname":"ALEM-F4-R01-08A","request_id":"startup-008","service":"admin-service","action":"shutdown_signal_received"}
{"timestamp":"2025-10-16T15:56:22+05:00","level":"INFO","message":"Shutting down HTTP server...","hostname":"ALEM-F4-R01-08A","request_id":"startup-008","service":"admin-service","action":"graceful_shutdown_started"}
{"timestamp":"2025-10-16T15:56:22+05:00","level":"INFO","message":"Database closed","hostname":"ALEM-F4-R01-08A","request_id":"startup-008","service":"admin-service","action":"db_closed"}
{"timestamp":"2025-10-16T15:56:22+05:00","level":"INFO","message":"HTTP server shut down gracefully","hostname":"ALEM-F4-R01-08A","request_id":"startup-008","service":"admin-service","action":"graceful_shutdown_completed"}
{"timestamp":"2025-10-16T15:56:22+05:00","level":"INFO","message":"Admin Service shut down successfully","hostname":"ALEM-F4-R01-08A","request_id":"startup-008","service":"admin-service","action":"admin_service_completed"}
{"timestamp":"2025-10-16T15:56:25+05:00","level":"INFO","message":"Ride Hail System starting up","hostname":"ALEM-F4-R01-08A","request_id":"startup-009","action":"ride_hail_system_started"}
{"timestamp":"2025-10-16T15:56:25+05:00","level":"INFO","message":"Admin Service starting up","hostname":"ALEM-F4-R01-08A","request_id":"startup-009","service":"admin-service","action":"admin_service_started"}
{"timestamp":"2025-10-16T15:56:25+05:00","level":"INFO","message":"Successful database connection","hostname":"ALEM-F4-R01-08A","request_id":"startup-009","service":"admin-service","action":"server_started","action":"db_connected"}
{"timestamp":"2025-10-16T15:56:25+05:00","level":"INFO","message":"server is running","hostname":"ALEM-F4-R01-08A","request_id":"startup-009","service":"admin-service","action":"server_started","details":{"port":"3004"}}
{"timestamp":"2025-10-16T15:56:42+05:00","level":"INFO","message":"Shutdown signal received","hostname":"ALEM-F4-R01-08A","request_id":"startup-009","service":"admin-service","action":"shutdown_signal_received"}
{"timestamp":"2025-10-16T15:56:42+05:00","level":"INFO","message":"Shutting down HTTP server...","hostname":"ALEM-F4-R01-08A","request_id":"startup-009","service":"admin-service","action":"graceful_shutdown_started"}
{"timestamp":"2025-10-16T15:56:42+05:00","level":"INFO","message":"Database closed","hostname":"ALEM-F4-R01-08A","request_id":"startup-009","service":"admin-service","action":"db_closed"}
{"timestamp":"2025-10-16T15:56:42+05:00","level":"INFO","message":"HTTP server shut down gracefully","hostname":"ALEM-F4-R01-08A","request_id":"startup-009","service":"admin-service","action":"graceful_shutdown_completed"}
{"timestamp":"2025-10-16T15:56:42+05:00","level":"INFO","message":"Admin Service shut down successfully","hostname":"ALEM-F4-R01-08A","request_id":"startup-009","service":"admin-service","action":"admin_service_completed"}
{"timestamp":"2025-10-16T15:56:44+05:00","level":"INFO","message":"Ride Hail System starting up","hostname":"ALEM-F4-R01-08A","request_id":"startup-010","action":"ride_hail_system_started"}
{"timestamp":"2025-10-16T15:56:44+05:00","level":"INFO","message":"Admin Service starting up","hostname":"ALEM-F4-R01-08A","request_id":"startup-010","service":"admin-service","action":"admin_service_started"}
{"timestamp":"2025-10-16T15:56:44+05:00","level":"INFO","message":"Successful database connection","hostname":"ALEM-F4-R01-08A","request_id":"startup-010","service":"admin-service","action":"server_started","action":"db_connected"}
{"timestamp":"2025-10-16T15:56:44+05:00","level":"INFO","message":"server is running","hostname":"ALEM-F4-R01-08A","request_id":"startup-010","service":"admin-service","action":"server_started","details":{"port":"3004"}}
{"timestamp":"2025-10-16T15:59:35+05:00","level":"INFO","message":"Shutdown signal received","hostname":"ALEM-F4-R01-08A","request_id":"startup-010","service":"admin-service","action":"shutdown_signal_received"}
{"timestamp":"2025-10-16T15:59:35+05:00","level":"INFO","message":"Shutting down HTTP server...","hostname":"ALEM-F4-R01-08A","request_id":"startup-010","service":"admin-service","action":"graceful_shutdown_started"}
{"timestamp":"2025-10-16T15:59:35+05:00","level":"INFO","message":"Database closed","hostname":"ALEM-F4-R01-08A","request_id":"startup-010","service":"admin-service","action":"db_closed"}
{"timestamp":"2025-10-16T15:59:35+05:00","level":"INFO","message":"HTTP server shut down gracefully","hostname":"ALEM-F4-R01-08A","request_id":"startup-010","service":"admin-service","action":"graceful_shutdown_completed"}
{"timestamp":"2025-10-16T15:59:35+05:00","level":"INFO","message":"Admin Service shut down successfully","hostname":"ALEM-F4-R01-08A","request_id":"startup-010","service":"admin-service","action":"admin_service_completed"}
{"timestamp":"2025-10-16T15:59:37+05:00","level":"INFO","message":"Ride Hail System starting up","hostname":"ALEM-F4-R01-08A","request_id":"startup-011","action":"ride_hail_system_started"}
{"timestamp":"2025-10-16T15:59:37+05:00","level":"INFO","message":"Admin Service starting up","hostname":"ALEM-F4-R01-08A","request_id":"startup-011","service":"admin-service","action":"admin_service_started"}
{"timestamp":"2025-10-16T15:59:37+05:00","level":"INFO","message":"Successful database connection","hostname":"ALEM-F4-R01-08A","request_id":"startup-011","service":"admin-service","action":"server_started","action":"db_connected"}
{"timestamp":"2025-10-16T15:59:37+05:00","level":"INFO","message":"server is running","hostname":"ALEM-F4-R01-08A","request_id":"startup-011","service":"admin-service","action":"server_started","details":{"port":"3004"}}
{"timestamp":"2025-10-16T16:08:31+05:00","level":"INFO","message":"Shutdown signal received","hostname":"ALEM-F4-R01-08A","request_id":"startup-011","service":"admin-service","action":"shutdown_signal_received"}
{"timestamp":"2025-10-16T16:08:31+05:00","level":"INFO","message":"Shutting down HTTP server...","hostname":"ALEM-F4-R01-08A","request_id":"startup-011","service":"admin-service","action":"graceful_shutdown_started"}
{"timestamp":"2025-10-16T16:08:31+05:00","level":"INFO","message":"Database closed","hostname":"ALEM-F4-R01-08A","request_id":"startup-011","service":"admin-service","action":"db_closed"}
{"timestamp":"2025-10-16T16:08:31+05:00","level":"INFO","message":"HTTP server shut down gracefully","hostname":"ALEM-F4-R01-08A","request_id":"startup-011","service":"admin-service","action":"graceful_shutdown_completed"}
{"timestamp":"2025-10-16T16:08:31+05:00","level":"INFO","message":"Admin Service shut down successfully","hostname":"ALEM-F4-R01-08A","request_id":"startup-011","service":"admin-service","action":"admin_service_completed"}
{"timestamp":"2025-10-16T16:08:32+05:00","level":"INFO","message":"Ride Hail System starting up","hostname":"ALEM-F4-R01-08A","request_id":"startup-012","action":"ride_hail_system_started"}
{"timestamp":"2025-10-16T16:08:32+05:00","level":"INFO","message":"Admin Service starting up","hostname":"ALEM-F4-R01-08A","request_id":"startup-012","service":"admin-service","action":"admin_service_started"}
{"timestamp":"2025-10-16T16:08:32+05:00","level":"INFO","message":"Successful database connection","hostname":"ALEM-F4-R01-08A","request_id":"startup-012","service":"admin-service","action":"server_started","action":"db_connected"}
{"timestamp":"2025-10-16T16:08:32+05:00","level":"INFO","message":"server is running","hostname":"ALEM-F4-R01-08A","request_id":"startup-012","service":"admin-service","action":"server_started","details":{"port":"3004"}}
{"timestamp":"2025-10-16T16:08:34+05:00","level":"INFO","message":"Shutdown signal received","hostname":"ALEM-F4-R01-08A","request_id":"startup-012","service":"admin-service","action":"shutdown_signal_received"}
{"timestamp":"2025-10-16T16:08:34+05:00","level":"INFO","message":"Shutting down HTTP server...","hostname":"ALEM-F4-R01-08A","request_id":"startup-012","service":"admin-service","action":"graceful_shutdown_started"}
{"timestamp":"2025-10-16T16:08:34+05:00","level":"INFO","message":"Database closed","hostname":"ALEM-F4-R01-08A","request_id":"startup-012","service":"admin-service","action":"db_closed"}
{"timestamp":"2025-10-16T16:08:34+05:00","level":"INFO","message":"HTTP server shut down gracefully","hostname":"ALEM-F4-R01-08A","request_id":"startup-012","service":"admin-service","action":"graceful_shutdown_completed"}
{"timestamp":"2025-10-16T16:08:34+05:00","level":"INFO","message":"Admin Service shut down successfully","hostname":"ALEM-F4-R01-08A","request_id":"startup-012","service":"admin-service","action":"admin_service_completed"}
{"timestamp":"2025-10-16T16:08:36+05:00","level":"INFO","message":"Ride Hail System starting up","hostname":"ALEM-F4-R01-08A","request_id":"startup-013","action":"ride_hail_system_started"}
{"timestamp":"2025-10-16T16:08:36+05:00","level":"INFO","message":"Admin Service starting up","hostname":"ALEM-F4-R01-08A","request_id":"startup-013","service":"admin-service","action":"admin_service_started"}
{"timestamp":"2025-10-16T16:08:36+05:00","level":"INFO","message":"Successful database connection","hostname":"ALEM-F4-R01-08A","request_id":"startup-013","service":"admin-service","action":"server_started","action":"db_connected"}
{"timestamp":"2025-10-16T16:08:36+05:00","level":"INFO","message":"server is running","hostname":"ALEM-F4-R01-08A","request_id":"startup-013","service":"admin-service","action":"server_started","details":{"port":"3004"}}
{"timestamp":"2025-10-16T16:10:42+05:00","level":"INFO","message":"Shutdown signal received","hostname":"ALEM-F4-R01-08A","request_id":"startup-013","service":"admin-service","action":"shutdown_signal_received"}
{"timestamp":"2025-10-16T16:10:42+05:00","level":"INFO","message":"Shutting down HTTP server...","hostname":"ALEM-F4-R01-08A","request_id":"startup-013","service":"admin-service","action":"graceful_shutdown_started"}
{"timestamp":"2025-10-16T16:10:42+05:00","level":"INFO","message":"Database closed","hostname":"ALEM-F4-R01-08A","request_id":"startup-013","service":"admin-service","action":"db_closed"}
{"timestamp":"2025-10-16T16:10:42+05:00","level":"INFO","message":"HTTP server shut down gracefully","hostname":"ALEM-F4-R01-08A","request_id":"startup-013","service":"admin-service","action":"graceful_shutdown_completed"}
{"timestamp":"2025-10-16T16:10:42+05:00","level":"INFO","message":"Admin Service shut down successfully","hostname":"ALEM-F4-R01-08A","request_id":"startup-013","service":"admin-service","action":"admin_service_completed"}
{"timestamp":"2025-10-16T16:10:44+05:00","level":"INFO","message":"Ride Hail System starting up","hostname":"ALEM-F4-R01-08A","request_id":"startup-014","action":"ride_hail_system_started"}
{"timestamp":"2025-10-16T16:10:44+05:00","level":"INFO","message":"Admin Service starting up","hostname":"ALEM-F4-R01-08A","request_id":"startup-014","service":"admin-service","action":"admin_service_started"}
{"timestamp":"2025-10-16T16:10:44+05:00","level":"INFO","message":"Successful database connection","hostname":"ALEM-F4-R01-08A","request_id":"startup-014","service":"admin-service","action":"server_started","action":"db_connected"}
{"timestamp":"2025-10-16T16:10:44+05:00","level":"INFO","message":"server is running","hostname":"ALEM-F4-R01-08A","request_id":"startup-014","service":"admin-service","action":"server_started","details":{"port":"3004"}}
{"timestamp":"2025-10-16T16:11:23+05:00","level":"INFO","message":"Shutdown signal received","hostname":"ALEM-F4-R01-08A","request_id":"startup-014","service":"admin-service","action":"shutdown_signal_received"}
{"timestamp":"2025-10-16T16:11:23+05:00","level":"INFO","message":"Shutting down HTTP server...","hostname":"ALEM-F4-R01-08A","request_id":"startup-014","service":"admin-service","action":"graceful_shutdown_started"}
{"timestamp":"2025-10-16T16:11:23+05:00","level":"INFO","message":"Database closed","hostname":"ALEM-F4-R01-08A","request_id":"startup-014","service":"admin-service","action":"db_closed"}
{"timestamp":"2025-10-16T16:11:23+05:00","level":"INFO","message":"HTTP server shut down gracefully","hostname":"ALEM-F4-R01-08A","request_id":"startup-014","service":"admin-service","action":"graceful_shutdown_completed"}
{"timestamp":"2025-10-16T16:11:23+05:00","level":"INFO","message":"Admin Service shut down successfully","hostname":"ALEM-F4-R01-08A","request_id":"startup-014","service":"admin-service","action":"admin_service_completed"}
{"timestamp":"2025-10-16T16:11:26+05:00","level":"INFO","message":"Ride Hail System starting up","hostname":"ALEM-F4-R01-08A","request_id":"startup-015","action":"ride_hail_system_started"}
{"timestamp":"2025-10-16T16:11:26+05:00","level":"INFO","message":"Admin Service starting up","hostname":"ALEM-F4-R01-08A","request_id":"startup-015","service":"admin-service","action":"admin_service_started"}
{"timestamp":"2025-10-16T16:11:26+05:00","level":"INFO","message":"Successful database connection","hostname":"ALEM-F4-R01-08A","request_id":"startup-015","service":"admin-service","action":"server_started","action":"db_connected"}
{"timestamp":"2025-10-16T16:11:26+05:00","level":"INFO","message":"server is running","hostname":"ALEM-F4-R01-08A","request_id":"startup-015","service":"admin-service","action":"server_started","details":{"port":"3004"}}
{"timestamp":"2025-10-16T16:28:57+05:00","level":"INFO","message":"Shutdown signal received","hostname":"ALEM-F4-R01-08A","request_id":"startup-015","service":"admin-service","action":"shutdown_signal_received"}
{"timestamp":"2025-10-16T16:28:57+05:00","level":"INFO","message":"Shutting down HTTP server...","hostname":"ALEM-F4-R01-08A","request_id":"startup-015","service":"admin-service","action":"graceful_shutdown_started"}
{"timestamp":"2025-10-16T16:28:57+05:00","level":"INFO","message":"Database closed","hostname":"ALEM-F4-R01-08A","request_id":"startup-015","service":"admin-service","action":"db_closed"}
{"timestamp":"2025-10-16T16:28:57+05:00","level":"INFO","message":"HTTP server shut down gracefully","hostname":"ALEM-F4-R01-08A","request_id":"startup-015","service":"admin-service","action":"graceful_shutdown_completed"}
{"timestamp":"2025-10-16T16:28:57+05:00","level":"INFO","message":"Admin Service shut down successfully","hostname":"ALEM-F4-R01-08A","request_id":"startup-015","service":"admin-service","action":"admin_service_completed"}
{"timestamp":"2025-10-16T17:11:14+05:00","level":"INFO","message":"Ride Hail System starting up","hostname":"ALEM-F4-R01-08A","request_id":"startup-016","action":"ride_hail_system_started"}
{"timestamp":"2025-10-16T17:11:14+05:00","level":"INFO","message":"Admin Service starting up","hostname":"ALEM-F4-R01-08A","request_id":"startup-016","service":"admin-service","action":"admin_service_started"}
{"timestamp":"2025-10-16T17:11:14+05:00","level":"INFO","message":"Successful database connection","hostname":"ALEM-F4-R01-08A","request_id":"startup-016","service":"admin-service","action":"server_started","action":"db_connected"}
{"timestamp":"2025-10-16T17:11:14+05:00","level":"INFO","message":"server is running","hostname":"ALEM-F4-R01-08A","request_id":"startup-016","service":"admin-service","action":"server_started","details":{"port":"3004"}}
{"timestamp":"2025-10-16T17:11:15+05:00","level":"INFO","message":"Shutdown signal received","hostname":"ALEM-F4-R01-08A","request_id":"startup-016","service":"admin-service","action":"shutdown_signal_received"}
{"timestamp":"2025-10-16T17:11:15+05:00","level":"INFO","message":"Shutting down HTTP server...","hostname":"ALEM-F4-R01-08A","request_id":"startup-016","service":"admin-service","action":"graceful_shutdown_started"}
{"timestamp":"2025-10-16T17:11:15+05:00","level":"INFO","message":"Database closed","hostname":"ALEM-F4-R01-08A","request_id":"startup-016","service":"admin-service","action":"db_closed"}
{"timestamp":"2025-10-16T17:11:15+05:00","level":"INFO","message":"HTTP server shut down gracefully","hostname":"ALEM-F4-R01-08A","request_id":"startup-016","service":"admin-service","action":"graceful_shutdown_completed"}
{"timestamp":"2025-10-16T17:11:15+05:00","level":"INFO","message":"Admin Service shut down successfully","hostname":"ALEM-F4-R01-08A","request_id":"startup-016","service":"admin-service","action":"admin_service_completed"}
{"timestamp":"2025-10-16T17:11:18+05:00","level":"INFO","message":"Ride Hail System starting up","hostname":"ALEM-F4-R01-08A","request_id":"startup-017","action":"ride_hail_system_started"}
{"timestamp":"2025-10-16T17:11:18+05:00","level":"INFO","message":"Admin Service starting up","hostname":"ALEM-F4-R01-08A","request_id":"startup-017","service":"admin-service","action":"admin_service_started"}
{"timestamp":"2025-10-16T17:11:18+05:00","level":"INFO","message":"Successful database connection","hostname":"ALEM-F4-R01-08A","request_id":"startup-017","service":"admin-service","action":"server_started","action":"db_connected"}
{"timestamp":"2025-10-16T17:11:18+05:00","level":"INFO","message":"server is running","hostname":"ALEM-F4-R01-08A","request_id":"startup-017","service":"admin-service","action":"server_started","details":{"port":"3004"}}
{"timestamp":"2025-10-16T17:20:01+05:00","level":"INFO","message":"Shutdown signal received","hostname":"ALEM-F4-R01-08A","request_id":"startup-017","service":"admin-service","action":"shutdown_signal_received"}
{"timestamp":"2025-10-16T17:20:01+05:00","level":"INFO","message":"Shutting down HTTP server...","hostname":"ALEM-F4-R01-08A","request_id":"startup-017","service":"admin-service","action":"graceful_shutdown_started"}
{"timestamp":"2025-10-16T17:20:01+05:00","level":"INFO","message":"Database closed","hostname":"ALEM-F4-R01-08A","request_id":"startup-017","service":"admin-service","action":"db_closed"}
{"timestamp":"2025-10-16T17:20:01+05:00","level":"INFO","message":"HTTP server shut down gracefully","hostname":"ALEM-F4-R01-08A","request_id":"startup-017","service":"admin-service","action":"graceful_shutdown_completed"}
{"timestamp":"2025-10-16T17:20:01+05:00","level":"INFO","message":"Admin Service shut down successfully","hostname":"ALEM-F4-R01-08A","request_id":"startup-017","service":"admin-service","action":"admin_service_completed"}
{"timestamp":"2025-10-16T17:20:03+05:00","level":"INFO","message":"Ride Hail System starting up","hostname":"ALEM-F4-R01-08A","request_id":"startup-018","action":"ride_hail_system_started"}
{"timestamp":"2025-10-16T17:20:03+05:00","level":"INFO","message":"Admin Service starting up","hostname":"ALEM-F4-R01-08A","request_id":"startup-018","service":"admin-service","action":"admin_service_started"}
{"timestamp":"2025-10-16T17:20:03+05:00","level":"INFO","message":"Successful database connection","hostname":"ALEM-F4-R01-08A","request_id":"startup-018","service":"admin-service","action":"server_started","action":"db_connected"}
{"timestamp":"2025-10-16T17:20:03+05:00","level":"INFO","message":"server is running","hostname":"ALEM-F4-R01-08A","request_id":"startup-018","service":"admin-service","action":"server_started","details":{"port":"3004"}}
{"timestamp":"2025-10-16T17:20:57+05:00","level":"INFO","message":"Shutdown signal received","hostname":"ALEM-F4-R01-08A","request_id":"startup-018","service":"admin-service","action":"shutdown_signal_received"}
{"timestamp":"2025-10-16T17:20:57+05:00","level":"INFO","message":"Shutting down HTTP server...","hostname":"ALEM-F4-R01-08A","request_id":"startup-018","service":"admin-service","action":"graceful_shutdown_started"}
{"timestamp":"2025-10-16T17:20:57+05:00","level":"INFO","message":"Database closed","hostname":"ALEM-F4-R01-08A","request_id":"startup-018","service":"admin-service","action":"db_closed"}
{"timestamp":"2025-10-16T17:20:57+05:00","level":"INFO","message":"HTTP server shut down gracefully","hostname":"ALEM-F4-R01-08A","request_id":"startup-018","service":"admin-service","action":"graceful_shutdown_completed"}
{"timestamp":"2025-10-16T17:20:57+05:00","level":"INFO","message":"Admin Service shut down successfully","hostname":"ALEM-F4-R01-08A","request_id":"startup-018","service":"admin-service","action":"admin_service_completed"}
{"timestamp":"2025-10-16T17:20:59+05:00","level":"INFO","message":"Ride Hail System starting up","hostname":"ALEM-F4-R01-08A","request_id":"startup-019","action":"ride_hail_system_started"}
{"timestamp":"2025-10-16T17:20:59+05:00","level":"INFO","message":"Admin Service starting up","hostname":"ALEM-F4-R01-08A","request_id":"startup-019","service":"admin-service","action":"admin_service_started"}
{"timestamp":"2025-10-16T17:20:59+05:00","level":"INFO","message":"Successful database connection","hostname":"ALEM-F4-R01-08A","request_id":"startup-019","service":"admin-service","action":"server_started","action":"db_connected"}
{"timestamp":"2025-10-16T17:20:59+05:00","level":"INFO","message":"server is running","hostname":"ALEM-F4-R01-08A","request_id":"startup-019","service":"admin-service","action":"server_started","details":{"port":"3004"}}
{"timestamp":"2025-10-16T17:22:50+05:00","level":"INFO","message":"Shutdown signal received","hostname":"ALEM-F4-R01-08A","request_id":"startup-019","service":"admin-service","action":"shutdown_signal_received"}
{"timestamp":"2025-10-16T17:22:50+05:00","level":"INFO","message":"Shutting down HTTP server...","hostname":"ALEM-F4-R01-08A","request_id":"startup-019","service":"admin-service","action":"graceful_shutdown_started"}
{"timestamp":"2025-10-16T17:22:50+05:00","level":"INFO","message":"Database closed","hostname":"ALEM-F4-R01-08A","request_id":"startup-019","service":"admin-service","action":"db_closed"}
{"timestamp":"2025-10-16T17:22:50+05:00","level":"INFO","message":"HTTP server shut down gracefully","hostname":"ALEM-F4-R01-08A","request_id":"startup-019","service":"admin-service","action":"graceful_shutdown_completed"}
{"timestamp":"2025-10-16T17:22:50+05:00","level":"INFO","message":"Admin Service shut down successfully","hostname":"ALEM-F4-R01-08A","request_id":"startup-019","service":"admin-service","action":"admin_service_completed"}
